Collecting fastapi==0.104.1 (from -r requirements.txt (line 1))
  Using cached fastapi-0.104.1-py3-none-any.whl.metadata (24 kB)
Requirement already satisfied: uvicorn==0.24.0 in c:\users\mohda\appdata\local\python\pythoncore-3.14-64\lib\site-packages (from uvicorn[standard]==0.24.0->-r requirements.txt (line 2)) (0.24.0)
Collecting sqlalchemy==2.0.23 (from -r requirements.txt (line 3))
  Using cached SQLAlchemy-2.0.23-py3-none-any.whl.metadata (9.6 kB)
Collecting alembic==1.12.1 (from -r requirements.txt (line 4))
  Using cached alembic-1.12.1-py3-none-any.whl.metadata (7.3 kB)
Collecting pydantic==2.5.0 (from -r requirements.txt (line 5))
  Using cached pydantic-2.5.0-py3-none-any.whl.metadata (174 kB)
Collecting python-jose==3.3.0 (from python-jose[cryptography]==3.3.0->-r requirements.txt (line 7))
  Using cached python_jose-3.3.0-py2.py3-none-any.whl.metadata (5.4 kB)
Collecting passlib==1.7.4 (from passlib[bcrypt]==1.7.4->-r requirements.txt (line 8))
  Using cached passlib-1.7.4-py2.py3-none-any.whl.metadata (1.7 kB)
Collecting python-dotenv==1.0.0 (from -r requirements.txt (line 9))
  Using cached python_dotenv-1.0.0-py3-none-any.whl.metadata (21 kB)
Collecting python-multipart==0.0.20 (from -r requirements.txt (line 10))
  Using cached python_multipart-0.0.20-py3-none-any.whl.metadata (1.8 kB)
Collecting slowapi==0.1.9 (from -r requirements.txt (line 11))
  Using cached slowapi-0.1.9-py3-none-any.whl.metadata (3.0 kB)
Collecting requests==2.31.0 (from -r requirements.txt (line 12))
  Using cached requests-2.31.0-py3-none-any.whl.metadata (4.6 kB)
Collecting pytest==7.4.3 (from -r requirements.txt (line 13))
  Using cached pytest-7.4.3-py3-none-any.whl.metadata (7.9 kB)
Collecting pytest-asyncio==0.21.1 (from -r requirements.txt (line 14))
  Using cached pytest_asyncio-0.21.1-py3-none-any.whl.metadata (4.0 kB)
Collecting anyio<4.0.0,>=3.7.1 (from fastapi==0.104.1->-r requirements.txt (line 1))
  Using cached anyio-3.7.1-py3-none-any.whl.metadata (4.7 kB)
Collecting starlette<0.28.0,>=0.27.0 (from fastapi==0.104.1->-r requirements.txt (line 1))
  Using cached starlette-0.27.0-py3-none-any.whl.metadata (5.8 kB)
Requirement already satisfied: typing-extensions>=4.8.0 in c:\users\mohda\appdata\local\python\pythoncore-3.14-64\lib\site-packages (from fastapi==0.104.1->-r requirements.txt (line 1)) (4.15.0)
Collecting annotated-types>=0.4.0 (from pydantic==2.5.0->-r requirements.txt (line 5))
  Using cached annotated_types-0.7.0-py3-none-any.whl.metadata (15 kB)
Collecting pydantic-core==2.14.1 (from pydantic==2.5.0->-r requirements.txt (line 5))
  Using cached pydantic_core-2.14.1.tar.gz (359 kB)
  Installing build dependencies: started
  Installing build dependencies: finished with status 'done'
  Getting requirements to build wheel: started
  Getting requirements to build wheel: finished with status 'done'
  Installing backend dependencies: started
  Installing backend dependencies: finished with status 'done'
  Preparing metadata (pyproject.toml): started
  Preparing metadata (pyproject.toml): finished with status 'error'
  error: subprocess-exited-with-error
  
  Preparing metadata (pyproject.toml) did not run successfully.
  exit code: 1
  
  [24 lines of output]
  Python reports SOABI: cp314-win_amd64
  Computed rustc target triple: x86_64-pc-windows-msvc
  Installation directory: C:\Users\mohda\AppData\Local\puccinialin\puccinialin\Cache
  Rustup already downloaded
  Installing rust to C:\Users\mohda\AppData\Local\puccinialin\puccinialin\Cache\rustup
  warn: It looks like you have an existing rustup settings file at:
  warn: C:\Users\mohda\.rustup\settings.toml
  warn: Rustup will install the default toolchain as specified in the settings file,
  warn: instead of the one inferred from the default host triple.
  warn: installing msvc toolchain without its prerequisites
  info: profile set to 'minimal'
  info: default host triple is x86_64-pc-windows-msvc
  warn: Updating existing toolchain, profile choice will be ignored
  info: syncing channel updates for 'stable-x86_64-pc-windows-msvc'
  info: default toolchain set to 'stable-x86_64-pc-windows-msvc'
  Checking if cargo is installed
  cargo 1.93.1 (083ac5135 2025-12-15)
  
  Cargo, the Rust package manager, is not installed or is not on PATH.
  This package requires Rust and Cargo to compile extensions. Install it through
  the system's package manager or via https://rustup.rs/
  
  Checking for Rust toolchain....
  Rust not found, installing into a temporary directory
  [end of output]
  
  note: This error originates from a subprocess, and is likely not a problem with pip.

[notice] A new release of pip is available: 25.2 -> 26.0.1
[notice] To update, run: C:\Users\mohda\AppData\Local\Python\pythoncore-3.14-64\python.exe -m pip install --upgrade pip
error: metadata-generation-failed

Encountered error while generating package metadata.

See above for output.

note: This is an issue with the package mentioned above, not pip.
hint: See above for details.
